INFO     [TestCase]  2022-05-31 17:19:40,758: ~~ 

INFO     [TestCase]  2022-05-31 17:19:40,758: 开始执行测试用例了 (TestCase: test_interface.test_log.TestCase.test_error)
INFO     [TestCase]  2022-05-31 17:19:40,759: 测试用例执行结束了 (TestCase: test_interface.test_log.TestCase.test_error)
ERROR    [TestCase]  2022-05-31 17:19:40,759: 测试出错 (TestCase: test_interface.test_log.TestCase.test_error)
ERROR    [TestCase]  2022-05-31 17:19:40,759: Traceback (most recent call last):
  File "/Users/lianyanju/PycharmProjects/pythonStart/test_interface/test_log.py", line 75, in test_error
    var = 1 / 0
ZeroDivisionError: division by zero
)
INFO     [TestCase]  2022-05-31 17:19:40,759: ~~ 

INFO     [TestCase]  2022-05-31 17:19:40,759: 开始执行测试用例了 (TestCase: test_interface.test_log.TestCase.test_fail)
INFO     [TestCase]  2022-05-31 17:19:40,760: 测试用例执行结束了 (TestCase: test_interface.test_log.TestCase.test_fail)
WARNING  [TestCase]  2022-05-31 17:19:40,760: 测试失败 (TestCase: test_interface.test_log.TestCase.test_fail)
WARNING  [TestCase]  2022-05-31 17:19:40,760: Traceback (most recent call last):
  File "/Users/lianyanju/PycharmProjects/pythonStart/test_interface/test_log.py", line 72, in test_fail
    self.fail()
AssertionError: None
)
INFO     [TestCase]  2022-05-31 17:19:40,760: ~~ 

INFO     [TestCase]  2022-05-31 17:19:40,760: 开始执行测试用例了 (TestCase: test_interface.test_log.TestCase.test_pass)
INFO     [TestCase]  2022-05-31 17:19:40,760: 你好  我是  艳举
INFO     [TestCase]  2022-05-31 17:19:40,760: 测试用例执行结束了 (TestCase: test_interface.test_log.TestCase.test_pass)
INFO     [TestCase]  2022-05-31 17:19:40,760: 测试通过 (TestCase: test_interface.test_log.TestCase.test_pass)
INFO     [TestCase]  2022-05-31 17:19:40,760: ~~ 

INFO     [TestCase]  2022-05-31 17:19:40,760: 开始执行测试用例了 (TestCase: test_interface.test_log.TestCase.test_skip)
INFO     [TestCase]  2022-05-31 17:19:40,760: 测试用例执行结束了 (TestCase: test_interface.test_log.TestCase.test_skip)
INFO     [TestCase]  2022-05-31 17:19:40,760: 测试通过 (TestCase: test_interface.test_log.TestCase.test_skip)
INFO     [TestCase]  2022-05-31 17:19:40,760: ~~ 

INFO     [TestCase]  2022-05-31 17:19:40,761: 开始执行测试用例了 (TestCase: test_interface.test_log.TestCase.test_xfail)
INFO     [TestCase]  2022-05-31 17:19:40,761: 测试用例执行结束了 (TestCase: test_interface.test_log.TestCase.test_xfail)
INFO     [TestCase]  2022-05-31 17:19:40,761: 测试通过 (TestCase: test_interface.test_log.TestCase.test_xfail)
